e:\coding\jumpdetection\jumpdetection\jumpdetection\x64\debug\jumpdetection.pch
e:\coding\jumpdetection\jumpdetection\jumpdetection\x64\debug\vc143.pdb
e:\coding\jumpdetection\jumpdetection\jumpdetection\x64\debug\vc143.idb
e:\coding\jumpdetection\jumpdetection\jumpdetection\x64\debug\pch.obj
e:\coding\jumpdetection\jumpdetection\jumpdetection\x64\debug\pattern_scanner.obj
e:\coding\jumpdetection\jumpdetection\jumpdetection\x64\debug\memory.obj
e:\coding\jumpdetection\jumpdetection\jumpdetection\x64\debug\kiero.obj
e:\coding\jumpdetection\jumpdetection\jumpdetection\x64\debug\imgui_widgets.obj
e:\coding\jumpdetection\jumpdetection\jumpdetection\x64\debug\imgui_tables.obj
e:\coding\jumpdetection\jumpdetection\jumpdetection\x64\debug\imgui_draw.obj
e:\coding\jumpdetection\jumpdetection\jumpdetection\x64\debug\imgui_demo.obj
e:\coding\jumpdetection\jumpdetection\jumpdetection\x64\debug\imgui.obj
e:\coding\jumpdetection\jumpdetection\jumpdetection\x64\debug\imgui_impl_win32.obj
e:\coding\jumpdetection\jumpdetection\jumpdetection\x64\debug\imgui_impl_dx12.obj
e:\coding\jumpdetection\jumpdetection\jumpdetection\x64\debug\imgui_impl_dx11.obj
e:\coding\jumpdetection\jumpdetection\jumpdetection\x64\debug\hooks.obj
e:\coding\jumpdetection\jumpdetection\jumpdetection\x64\debug\gui.obj
e:\coding\jumpdetection\jumpdetection\jumpdetection\x64\debug\dllmain.obj
e:\coding\jumpdetection\jumpdetection\jumpdetection\x64\debug\hook.obj
e:\coding\jumpdetection\jumpdetection\jumpdetection\x64\debug\hde64.obj
e:\coding\jumpdetection\jumpdetection\jumpdetection\x64\debug\trampoline.obj
e:\coding\jumpdetection\jumpdetection\jumpdetection\x64\debug\buffer.obj
e:\coding\jumpdetection\jumpdetection\x64\debug\jumpdetection.dll
e:\coding\jumpdetection\jumpdetection\x64\debug\jumpdetection.pdb
e:\coding\jumpdetection\jumpdetection\jumpdetection\x64\debug\jumpdetection.ilk
e:\coding\jumpdetection\jumpdetection\jumpdetection\x64\debug\jumpdetection.tlog\cl.command.1.tlog
e:\coding\jumpdetection\jumpdetection\jumpdetection\x64\debug\jumpdetection.tlog\cl.items.tlog
e:\coding\jumpdetection\jumpdetection\jumpdetection\x64\debug\jumpdetection.tlog\cl.read.1.tlog
e:\coding\jumpdetection\jumpdetection\jumpdetection\x64\debug\jumpdetection.tlog\cl.write.1.tlog
e:\coding\jumpdetection\jumpdetection\jumpdetection\x64\debug\jumpdetection.tlog\link.command.1.tlog
e:\coding\jumpdetection\jumpdetection\jumpdetection\x64\debug\jumpdetection.tlog\link.read.1.tlog
e:\coding\jumpdetection\jumpdetection\jumpdetection\x64\debug\jumpdetection.tlog\link.secondary.1.tlog
e:\coding\jumpdetection\jumpdetection\jumpdetection\x64\debug\jumpdetection.tlog\link.write.1.tlog
